GROUP,PACKAGE,CLASS,INSTRUCTION_MISSED,INSTRUCTION_COVERED,BRANCH_MISSED,BRANCH_COVERED,LINE_MISSED,LINE_COVERED,COMPLEXITY_MISSED,COMPLEXITY_COVERED,METHOD_MISSED,METHOD_COVERED
2SAT-comparison,comparison,Main,24,0,0,0,7,0,2,0,2,0
2SAT-comparison,comparison,KosarajuAlgorithm,249,0,28,0,49,0,19,0,5,0
2SAT-comparison,comparison,BruteForce,202,0,36,0,27,0,21,0,3,0
2SAT-comparison,comparison,TarjanAlgorithm,8,332,1,35,3,56,3,22,2,5
2SAT-comparison,util,GraphUtils,48,212,5,13,7,23,4,9,1,3
2SAT-comparison,util,CustomStack,4,77,3,3,2,18,3,5,0,5
